#
# A fatal error has been detected by the Java Runtime Environment:
#
#  EXCEPTION_ACCESS_VIOLATION (0xc0000005) at pc=0x00007ffb45fb23b4, pid=9176, tid=3900
#
# JRE version: OpenJDK Runtime Environment (11.0.13) (build 11.0.13+0-b1751.21-8125866)
# Java VM: OpenJDK 64-Bit Server VM (11.0.13+0-b1751.21-8125866, mixed mode, tiered, compressed oops, g1 gc, windows-amd64)
# Problematic frame:
# V  [jvm.dll+0x1923b4]
#
# No core dump will be written. Minidumps are not enabled by default on client versions of Windows
#
# If you would like to submit a bug report, please visit:
#   https://bugreport.java.com/bugreport/crash.jsp
#

---------------  S U M M A R Y ------------

Command Line: org.jetbrains.kotlin.cli.jvm.K2JVMCompiler @C:\Users\Chanet Lanka\Desktop\e18-3yp-Smart-Planting-System\smart_planting_app\build\app\20221209_17548026511488217793.compiler.options

Host: Intel(R) Core(TM) i5-8250U CPU @ 1.60GHz, 8 cores, 11G,  Windows 11 , 64 bit Build 22000 (10.0.22000.1219)
Time: Fri Dec  9 11:31:39 2022 Sri Lanka Standard Time elapsed time: 30.385281 seconds (0d 0h 0m 30s)

---------------  T H R E A D  ---------------

Current thread (0x0000023a381db000):  GCTaskThread "GC Thread#2" [stack: 0x0000004cc1d00000,0x0000004cc1e00000] [id=3900]

Stack: [0x0000004cc1d00000,0x0000004cc1e00000],  sp=0x0000004cc1dff5d8,  free space=1021k
Native frames: (J=compiled Java code, j=interpreted, Vv=VM code, C=native code)
V  [jvm.dll+0x1923b4]


siginfo: EXCEPTION_ACCESS_VIOLATION (0xc0000005), reading address 0x0000000000000110


Register to memory mapping:

RIP=0x00007ffb45fb23b4 jvm.dll
RAX=0x0 is NULL
RBX=0x0000000742a7b3f0 is an oop: 
[error occurred during error reporting (printing register info), id 0xc0000005, EXCEPTION_ACCESS_VIOLATION (0xc0000005) at pc=0x00007ffb4641ca6d]

Registers:
RAX=0x0000000000000000, RBX=0x0000000742a7b3f0, RCX=0x0000000800049e98, RDX=0x0000000742a7b3f0
RSP=0x0000004cc1dff5d8, RBP=0x0000023a189d0848, RSI=0x0000000742a7b3f0, RDI=0x0000000742a7b400
R8 =0x0000000000000000, R9 =0x0000000800049e98, R10=0x0000023a189d07f0, R11=0x0000023a189d0848
R12=0x0000000742a7b800, R13=0x0000000000000001, R14=0x0000023a189d07f0, R15=0x00000000000063da
RIP=0x00007ffb45fb23b4, EFLAGS=0x0000000000010246

Top of Stack: (sp=0x0000004cc1dff5d8)
0x0000004cc1dff5d8:   00007ffb461755f2 0000000742a7b3f0
0x0000004cc1dff5e8:   0000000742a7b3f0 0000023a189d0848
0x0000004cc1dff5f8:   0000023a3c5329a0 0000000742a7b3f0
0x0000004cc1dff608:   00007ffb460fa754 0000000742a00000
0x0000004cc1dff618:   0000000000020000 0000023a189d0848
0x0000004cc1dff628:   00007ffb461755f2 0000000742a7b800
0x0000004cc1dff638:   0000023a189d07f0 0000004cc1dff720
0x0000004cc1dff648:   0000000742a7b800 0000004cc1dff8a8
0x0000004cc1dff658:   00007ffb46175bd7 0000000742a7b3f8
0x0000004cc1dff668:   0000023a189d0848 0000023a189d0848
0x0000004cc1dff678:   0000000742a7b1f0 0000023a1873ac10
0x0000004cc1dff688:   00007ffb46136778 0000023a1894d940
0x0000004cc1dff698:   0000000742a7ba00 0000004cc1dff8a8
0x0000004cc1dff6a8:   0000000742a7de00 0000000742b71e5c
0x0000004cc1dff6b8:   00007ffb460fed24 0000023a18650e40
0x0000004cc1dff6c8:   0000000742b74121 000000000000000c 

Instructions: (pc=0x00007ffb45fb23b4)
0x00007ffb45fb22b4:   0f 73 d9 08 66 48 0f 7e c8 48 85 c0 74 28 48 8b
0x00007ffb45fb22c4:   01 48 8d 54 24 20 0f 29 44 24 20 ff 50 40 33 c0
0x00007ffb45fb22d4:   48 89 44 24 20 48 89 44 24 28 0f 10 44 24 20 0f
0x00007ffb45fb22e4:   11 83 98 03 00 00 48 83 c4 30 5b c3 48 8b 49 38
0x00007ffb45fb22f4:   48 8b 01 48 ff 60 28 cc cc cc cc cc 80 3d d2 5e
0x00007ffb45fb2304:   89 00 00 48 8b c1 74 1b 8b 51 08 8b 0d 03 cb 84
0x00007ffb45fb2314:   00 48 d3 e2 48 8b c8 48 03 15 ee ca 84 00 e9 19
0x00007ffb45fb2324:   00 00 00 48 8b 51 08 48 8b c8 e9 0d 00 00 00 cc
0x00007ffb45fb2334:   cc cc cc cc cc cc cc cc cc cc cc cc 4c 8b ca 48
0x00007ffb45fb2344:   8b d1 45 8b 41 08 45 85 c0 7e 0e 41 f6 c0 01 75
0x00007ffb45fb2354:   59 41 c1 f8 03 41 8b c0 c3 79 4f 80 3d 73 5e 89
0x00007ffb45fb2364:   00 00 b8 0c 00 00 00 b9 10 00 00 00 0f 45 c8 8b
0x00007ffb45fb2374:   05 1b 14 83 00 ff c8 4c 63 c8 48 63 c1 41 8b c8
0x00007ffb45fb2384:   83 e1 3f 48 63 14 10 41 8b c0 48 c1 f8 10 0f b6
0x00007ffb45fb2394:   c0 48 d3 e2 49 8d 0c 11 49 f7 d1 48 03 c1 49 c1
0x00007ffb45fb23a4:   e9 03 48 c1 e8 03 41 23 c1 c3 49 8b 01 49 8b c9
0x00007ffb45fb23b4:   48 ff a0 10 01 00 00 cc cc cc cc cc 48 8b c2 c3
0x00007ffb45fb23c4:   cc cc cc cc cc cc cc cc cc cc cc cc 48 83 ec 38
0x00007ffb45fb23d4:   48 8b 41 38 80 78 08 00 74 00 0f 10 02 48 8b 49
0x00007ffb45fb23e4:   38 48 8d 54 24 20 0f 29 44 24 20 e8 3c f0 ff ff
0x00007ffb45fb23f4:   48 83 c4 38 c3 cc cc cc cc cc cc cc 48 83 ec 38
0x00007ffb45fb2404:   0f 10 02 48 8b 01 48 8d 54 24 20 0f 29 44 24 20
0x00007ffb45fb2414:   ff 50 38 48 83 c4 38 c3 cc cc cc cc 48 89 5c 24
0x00007ffb45fb2424:   08 55 56 57 41 54 41 55 41 56 41 57 48 8d 6c 24
0x00007ffb45fb2434:   e0 48 81 ec 20 01 00 00 48 8b 05 4d 51 86 00 48
0x00007ffb45fb2444:   33 c4 48 89 45 10 48 8b 05 ff c7 88 00 45 33 ed
0x00007ffb45fb2454:   4c 8b b5 80 00 00 00 4c 8b fa 48 8b bd 88 00 00
0x00007ffb45fb2464:   00 4d 8b c6 49 8b d6 49 8b f1 48 8b 48 38 48 8b
0x00007ffb45fb2474:   59 48 49 8b cf c7 45 c0 ff ff ff ff 44 89 6d d4
0x00007ffb45fb2484:   4c 89 6d d8 44 88 6d e0 c7 45 e8 ff ff ff ff 44
0x00007ffb45fb2494:   89 6d fc 4c 89 6d 00 44 88 6d 08 e8 dc 05 f6 ff
0x00007ffb45fb24a4:   41 b1 01 4c 8d 45 e8 41 8d 55 04 49 8b cf e8 59 


Stack slot to memory mapping:
stack at sp + 0 slots: 0x00007ffb461755f2 jvm.dll
stack at sp + 1 slots: 0x0000000742a7b3f0 is an oop: 
[error occurred during error reporting (inspecting top of stack), id 0xc0000005, EXCEPTION_ACCESS_VIOLATION (0xc0000005) at pc=0x00007ffb4641ca6d]


---------------  P R O C E S S  ---------------

Threads class SMR info:
_java_thread_list=0x0000023a371845f0, length=12, elements={
0x0000023a18941800, 0x0000023a37b5a800, 0x0000023a37b5b800, 0x0000023a37b7c000,
0x0000023a37b80000, 0x0000023a37b81000, 0x0000023a37b83800, 0x0000023a37b84800,
0x0000023a37bcc800, 0x0000023a37d61000, 0x0000023a39499800, 0x0000023a39498000
}

Java Threads: ( => current thread )
  0x0000023a18941800 JavaThread "main" [_thread_blocked, id=9772, stack(0x0000004cc0b00000,0x0000004cc0c00000)]
  0x0000023a37b5a800 JavaThread "Reference Handler" daemon [_thread_blocked, id=3764, stack(0x0000004cc1200000,0x0000004cc1300000)]
  0x0000023a37b5b800 JavaThread "Finalizer" daemon [_thread_blocked, id=7004, stack(0x0000004cc1300000,0x0000004cc1400000)]
  0x0000023a37b7c000 JavaThread "Signal Dispatcher" daemon [_thread_blocked, id=8348, stack(0x0000004cc1400000,0x0000004cc1500000)]
  0x0000023a37b80000 JavaThread "Attach Listener" daemon [_thread_blocked, id=8212, stack(0x0000004cc1500000,0x0000004cc1600000)]
  0x0000023a37b81000 JavaThread "Service Thread" daemon [_thread_blocked, id=10708, stack(0x0000004cc1600000,0x0000004cc1700000)]
  0x0000023a37b83800 JavaThread "C2 CompilerThread0" daemon [_thread_blocked, id=10020, stack(0x0000004cc1700000,0x0000004cc1800000)]
  0x0000023a37b84800 JavaThread "C1 CompilerThread0" daemon [_thread_blocked, id=1904, stack(0x0000004cc1800000,0x0000004cc1900000)]
  0x0000023a37bcc800 JavaThread "Sweeper thread" daemon [_thread_blocked, id=7508, stack(0x0000004cc1900000,0x0000004cc1a00000)]
  0x0000023a37d61000 JavaThread "Common-Cleaner" daemon [_thread_blocked, id=8768, stack(0x0000004cc1b00000,0x0000004cc1c00000)]
  0x0000023a39499800 JavaThread "C2 CompilerThread1" daemon [_thread_blocked, id=7556, stack(0x0000004cc2000000,0x0000004cc2100000)]
  0x0000023a39498000 JavaThread "C2 CompilerThread2" daemon [_thread_blocked, id=6008, stack(0x0000004cc0a00000,0x0000004cc0b00000)]

Other Threads:
  0x0000023a37b58800 VMThread "VM Thread" [stack: 0x0000004cc1100000,0x0000004cc1200000] [id=4536]
  0x0000023a37d56000 WatcherThread [stack: 0x0000004cc1a00000,0x0000004cc1b00000] [id=6244]
  0x0000023a18958000 GCTaskThread "GC Thread#0" [stack: 0x0000004cc0c00000,0x0000004cc0d00000] [id=10088]
  0x0000023a382fd800 GCTaskThread "GC Thread#1" [stack: 0x0000004cc1c00000,0x0000004cc1d00000] [id=4460]
=>0x0000023a381db000 GCTaskThread "GC Thread#2" [stack: 0x0000004cc1d00000,0x0000004cc1e00000] [id=3900]
  0x0000023a3820a800 GCTaskThread "GC Thread#3" [stack: 0x0000004cc1e00000,0x0000004cc1f00000] [id=4860]
  0x0000023a1899d000 ConcurrentGCThread "G1 Main Marker" [stack: 0x0000004cc0d00000,0x0000004cc0e00000] [id=12936]
  0x0000023a1899f000 ConcurrentGCThread "G1 Conc#0" [stack: 0x0000004cc0e00000,0x0000004cc0f00000] [id=1064]
  0x0000023a383a7800 ConcurrentGCThread "G1 Conc#1" [stack: 0x0000004cc1f00000,0x0000004cc2000000] [id=10116]
  0x0000023a18a1e800 ConcurrentGCThread "G1 Refine#0" [stack: 0x0000004cc0f00000,0x0000004cc1000000] [id=2788]
  0x0000023a3cef0000 ConcurrentGCThread "G1 Refine#1" [stack: 0x0000004cc2200000,0x0000004cc2300000] [id=10584]
  0x0000023a37182800 ConcurrentGCThread "G1 Young RemSet Sampling" [stack: 0x0000004cc1000000,0x0000004cc1100000] [id=1492]

Threads with active compile tasks:
C2 CompilerThread0  30399 2308       4       java.io.DataOutputStream::writeUTF (435 bytes)
C1 CompilerThread0  30399 2334       1       kotlin.sequences.SequencesKt__SequencesKt$generateSequence$2::invoke (5 bytes)
C2 CompilerThread1  30399 2343       4       java.lang.String::endsWith (15 bytes)
C2 CompilerThread2  30399 2302       4       java.util.HashMap::resize (356 bytes)

VM state:at safepoint (normal execution)

VM Mutex/Monitor currently owned by a thread:  ([mutex/lock_event])
[0x0000023a1893ef10] Threads_lock - owner thread: 0x0000023a37b58800
[0x0000023a1893efa0] Heap_lock - owner thread: 0x0000023a18941800

Heap address: 0x0000000741e00000, size: 3042 MB, Compressed Oops mode: Zero based, Oop shift amount: 3
Narrow klass base: 0x0000000800000000, Narrow klass shift: 0
Compressed class space size: 1073741824 Address: 0x0000000800000000

Heap:
 garbage-first heap   total 196608K, used 35002K [0x0000000741e00000, 0x0000000800000000)
  region size 1024K, 18 young (18432K), 3 survivors (3072K)
 Metaspace       used 35369K, capacity 35797K, committed 35920K, reserved 1081344K
  class space    used 4360K, capacity 4544K, committed 4608K, reserved 1048576K
Heap Regions: E=young(eden), S=young(survivor), O=old, HS=humongous(starts), HC=humongous(continues), CS=collection set, F=free, A=archive, TAMS=top-at-mark-start (previous, next)
|   0|0x0000000741e00000, 0x0000000741f00000, 0x0000000741f00000|100%|HS|  |TAMS 0x0000000741f00000, 0x0000000741f00000| Complete 
|   1|0x0000000741f00000, 0x0000000742000000, 0x0000000742000000|100%|HC|  |TAMS 0x0000000742000000, 0x0000000742000000| Complete 
|   2|0x0000000742000000, 0x0000000742100000, 0x0000000742100000|100%|HC|  |TAMS 0x0000000742100000, 0x0000000742100000| Complete 
|   3|0x0000000742100000, 0x0000000742200000, 0x0000000742200000|100%|HS|  |TAMS 0x0000000742100000, 0x0000000742200000| Complete 
|   4|0x0000000742200000, 0x0000000742300000, 0x0000000742300000|100%|HC|  |TAMS 0x0000000742200000, 0x0000000742300000| Complete 
|   5|0x0000000742300000, 0x0000000742400000, 0x0000000742400000|100%|HC|  |TAMS 0x0000000742300000, 0x0000000742400000| Complete 
|   6|0x0000000742400000, 0x0000000742500000, 0x0000000742500000|100%|HS|  |TAMS 0x0000000742400000, 0x0000000742500000| Complete 
|   7|0x0000000742500000, 0x0000000742600000, 0x0000000742600000|100%|HC|  |TAMS 0x0000000742500000, 0x0000000742600000| Complete 
|   8|0x0000000742600000, 0x0000000742700000, 0x0000000742700000|100%| O|  |TAMS 0x0000000742600000, 0x0000000742700000| Untracked 
|   9|0x0000000742700000, 0x0000000742800000, 0x0000000742800000|100%| O|  |TAMS 0x0000000742700000, 0x0000000742800000| Untracked 
|  10|0x0000000742800000, 0x0000000742900000, 0x0000000742900000|100%| O|  |TAMS 0x0000000742800000, 0x0000000742900000| Untracked 
|  11|0x0000000742900000, 0x0000000742a00000, 0x0000000742a00000|100%| O|  |TAMS 0x0000000742900000, 0x0000000742a00000| Untracked 
|  12|0x0000000742a00000, 0x0000000742b00000, 0x0000000742b00000|100%| O|  |TAMS 0x0000000742a00000, 0x0000000742b00000| Untracked 
|  13|0x0000000742b00000, 0x0000000742c00000, 0x0000000742c00000|100%| O|  |TAMS 0x0000000742b00000, 0x0000000742c00000| Untracked 
|  14|0x0000000742c00000, 0x0000000742d00000, 0x0000000742d00000|100%| O|  |TAMS 0x0000000742c00000, 0x0000000742d00000| Untracked 
|  15|0x0000000742d00000, 0x0000000742e00000, 0x0000000742e00000|100%| O|  |TAMS 0x0000000742d00000, 0x0000000742e00000| Untracked 
|  16|0x0000000742e00000, 0x0000000742f00000, 0x0000000742f00000|100%| O|  |TAMS 0x0000000742e00000, 0x0000000742f00000| Untracked 
|  17|0x0000000742f00000, 0x0000000743000000, 0x0000000743000000|100%| O|  |TAMS 0x0000000742f00000, 0x0000000743000000| Untracked 
|  18|0x0000000743000000, 0x0000000743100000, 0x0000000743100000|100%| O|  |TAMS 0x0000000743000000, 0x0000000743100000| Untracked 
|  19|0x0000000743100000, 0x0000000743157738, 0x0000000743200000| 34%| O|  |TAMS 0x0000000743100000, 0x0000000743200000| Untracked 
|  20|0x0000000743200000, 0x0000000743200000, 0x0000000743300000|  0%| F|  |TAMS 0x0000000743200000, 0x0000000743200000| Untracked 
|  21|0x0000000743300000, 0x0000000743300000, 0x0000000743400000|  0%| F|  |TAMS 0x0000000743300000, 0x0000000743300000| Untracked 
|  22|0x0000000743400000, 0x0000000743400000, 0x0000000743500000|  0%| F|  |TAMS 0x0000000743400000, 0x0000000743400000| Untracked 
|  23|0x0000000743500000, 0x0000000743500000, 0x0000000743600000|  0%| F|  |TAMS 0x0000000743500000, 0x0000000743500000| Untracked 
|  24|0x0000000743600000, 0x0000000743600000, 0x0000000743700000|  0%| F|  |TAMS 0x0000000743600000, 0x0000000743600000| Untracked 
|  25|0x0000000743700000, 0x0000000743700000, 0x0000000743800000|  0%| F|  |TAMS 0x0000000743700000, 0x0000000743700000| Untracked 
|  26|0x0000000743800000, 0x0000000743800000, 0x0000000743900000|  0%| F|  |TAMS 0x0000000743800000, 0x0000000743800000| Untracked 
|  27|0x0000000743900000, 0x0000000743900000, 0x0000000743a00000|  0%| F|  |TAMS 0x0000000743900000, 0x0000000743900000| Untracked 
|  28|0x0000000743a00000, 0x0000000743a00000, 0x0000000743b00000|  0%| F|  |TAMS 0x0000000743a00000, 0x0000000743a00000| Untracked 
|  29|0x0000000743b00000, 0x0000000743b00000, 0x0000000743c00000|  0%| F|  |TAMS 0x0000000743b00000, 0x0000000743b00000| Untracked 
|  30|0x0000000743c00000, 0x0000000743c00000, 0x0000000743d00000|  0%| F|  |TAMS 0x0000000743c00000, 0x0000000743c00000| Untracked 
|  31|0x0000000743d00000, 0x0000000743d00000, 0x0000000743e00000|  0%| F|  |TAMS 0x0000000743d00000, 0x0000000743d00000| Untracked 
|  32|0x0000000743e00000, 0x0000000743e00000, 0x0000000743f00000|  0%| F|  |TAMS 0x0000000743e00000, 0x0000000743e00000| Untracked 
|  33|0x0000000743f00000, 0x0000000743f00000, 0x0000000744000000|  0%| F|  |TAMS 0x0000000743f00000, 0x0000000743f00000| Untracked 
|  34|0x0000000744000000, 0x0000000744000000, 0x0000000744100000|  0%| F|  |TAMS 0x0000000744000000, 0x0000000744000000| Untracked 
|  35|0x0000000744100000, 0x0000000744100000, 0x0000000744200000|  0%| F|  |TAMS 0x0000000744100000, 0x0000000744100000| Untracked 
|  36|0x0000000744200000, 0x0000000744200000, 0x0000000744300000|  0%| F|  |TAMS 0x0000000744200000, 0x0000000744200000| Untracked 
|  37|0x0000000744300000, 0x0000000744300000, 0x0000000744400000|  0%| F|  |TAMS 0x0000000744300000, 0x0000000744300000| Untracked 
|  38|0x0000000744400000, 0x0000000744400000, 0x0000000744500000|  0%| F|  |TAMS 0x0000000744400000, 0x0000000744400000| Untracked 
|  39|0x0000000744500000, 0x0000000744500000, 0x0000000744600000|  0%| F|  |TAMS 0x0000000744500000, 0x0000000744500000| Untracked 
|  40|0x0000000744600000, 0x0000000744600000, 0x0000000744700000|  0%| F|  |TAMS 0x0000000744600000, 0x0000000744600000| Untracked 
|  41|0x0000000744700000, 0x0000000744700000, 0x0000000744800000|  0%| F|  |TAMS 0x0000000744700000, 0x0000000744700000| Untracked 
|  42|0x0000000744800000, 0x0000000744800000, 0x0000000744900000|  0%| F|  |TAMS 0x0000000744800000, 0x0000000744800000| Untracked 
|  43|0x0000000744900000, 0x0000000744900000, 0x0000000744a00000|  0%| F|  |TAMS 0x0000000744900000, 0x0000000744900000| Untracked 
|  44|0x0000000744a00000, 0x0000000744a00000, 0x0000000744b00000|  0%| F|  |TAMS 0x0000000744a00000, 0x0000000744a00000| Untracked 
|  45|0x0000000744b00000, 0x0000000744b00000, 0x0000000744c00000|  0%| F|  |TAMS 0x0000000744b00000, 0x0000000744b00000| Untracked 
|  46|0x0000000744c00000, 0x0000000744c00000, 0x0000000744d00000|  0%| F|  |TAMS 0x0000000744c00000, 0x0000000744c00000| Untracked 
|  47|0x0000000744d00000, 0x0000000744d00000, 0x0000000744e00000|  0%| F|  |TAMS 0x0000000744d00000, 0x0000000744d00000| Untracked 
|  48|0x0000000744e00000, 0x0000000744e00000, 0x0000000744f00000|  0%| F|  |TAMS 0x0000000744e00000, 0x0000000744e00000| Untracked 
|  49|0x0000000744f00000, 0x0000000744f00000, 0x0000000745000000|  0%| F|  |TAMS 0x0000000744f00000, 0x0000000744f00000| Untracked 
|  50|0x0000000745000000, 0x0000000745000000, 0x0000000745100000|  0%| F|  |TAMS 0x0000000745000000, 0x0000000745000000| Untracked 
|  51|0x0000000745100000, 0x0000000745100000, 0x0000000745200000|  0%| F|  |TAMS 0x0000000745100000, 0x0000000745100000| Untracked 
|  52|0x0000000745200000, 0x0000000745200000, 0x0000000745300000|  0%| F|  |TAMS 0x0000000745200000, 0x0000000745200000| Untracked 
|  53|0x0000000745300000, 0x0000000745300000, 0x0000000745400000|  0%| F|  |TAMS 0x0000000745300000, 0x0000000745300000| Untracked 
|  54|0x0000000745400000, 0x0000000745400000, 0x0000000745500000|  0%| F|  |TAMS 0x0000000745400000, 0x0000000745400000| Untracked 
|  55|0x0000000745500000, 0x0000000745500000, 0x0000000745600000|  0%| F|  |TAMS 0x0000000745500000, 0x0000000745500000| Untracked 
|  56|0x0000000745600000, 0x0000000745600000, 0x0000000745700000|  0%| F|  |TAMS 0x0000000745600000, 0x0000000745600000| Untracked 
|  57|0x0000000745700000, 0x0000000745700000, 0x0000000745800000|  0%| F|  |TAMS 0x0000000745700000, 0x0000000745700000| Untracked 
|  58|0x0000000745800000, 0x0000000745800000, 0x0000000745900000|  0%| F|  |TAMS 0x0000000745800000, 0x0000000745800000| Untracked 
|  59|0x0000000745900000, 0x0000000745900000, 0x0000000745a00000|  0%| F|  |TAMS 0x0000000745900000, 0x0000000745900000| Untracked 
|  60|0x0000000745a00000, 0x0000000745a00000, 0x0000000745b00000|  0%| F|  |TAMS 0x0000000745a00000, 0x0000000745a00000| Untracked 
|  61|0x0000000745b00000, 0x0000000745b00000, 0x0000000745c00000|  0%| F|  |TAMS 0x0000000745b00000, 0x0000000745b00000| Untracked 
|  62|0x0000000745c00000, 0x0000000745c00000, 0x0000000745d00000|  0%| F|  |TAMS 0x0000000745c00000, 0x0000000745c00000| Untracked 
|  63|0x0000000745d00000, 0x0000000745d00000, 0x0000000745e00000|  0%| F|  |TAMS 0x0000000745d00000, 0x0000000745d00000| Untracked 
|  64|0x0000000745e00000, 0x0000000745e00000, 0x0000000745f00000|  0%| F|  |TAMS 0x0000000745e00000, 0x0000000745e00000| Untracked 
|  65|0x0000000745f00000, 0x0000000745f00000, 0x0000000746000000|  0%| F|  |TAMS 0x0000000745f00000, 0x0000000745f00000| Untracked 
|  66|0x0000000746000000, 0x0000000746000000, 0x0000000746100000|  0%| F|  |TAMS 0x0000000746000000, 0x0000000746000000| Untracked 
|  67|0x0000000746100000, 0x0000000746100000, 0x0000000746200000|  0%| F|  |TAMS 0x0000000746100000, 0x0000000746100000| Untracked 
|  68|0x0000000746200000, 0x0000000746200000, 0x0000000746300000|  0%| F|  |TAMS 0x0000000746200000, 0x0000000746200000| Untracked 
|  69|0x0000000746300000, 0x0000000746300000, 0x0000000746400000|  0%| F|  |TAMS 0x0000000746300000, 0x0000000746300000| Untracked 
|  70|0x0000000746400000, 0x0000000746400000, 0x0000000746500000|  0%| F|  |TAMS 0x0000000746400000, 0x0000000746400000| Untracked 
|  71|0x0000000746500000, 0x0000000746500000, 0x0000000746600000|  0%| F|  |TAMS 0x0000000746500000, 0x0000000746500000| Untracked 
|  72|0x0000000746600000, 0x0000000746600000, 0x0000000746700000|  0%| F|  |TAMS 0x0000000746600000, 0x0000000746600000| Untracked 
|  73|0x0000000746700000, 0x0000000746700000, 0x0000000746800000|  0%| F|  |TAMS 0x0000000746700000, 0x0000000746700000| Untracked 
|  74|0x0000000746800000, 0x0000000746800000, 0x0000000746900000|  0%| F|  |TAMS 0x0000000746800000, 0x0000000746800000| Untracked 
|  75|0x0000000746900000, 0x0000000746900000, 0x0000000746a00000|  0%| F|  |TAMS 0x0000000746900000, 0x0000000746900000| Untracked 
|  76|0x0000000746a00000, 0x0000000746a00000, 0x0000000746b00000|  0%| F|  |TAMS 0x0000000746a00000, 0x0000000746a00000| Untracked 
|  77|0x0000000746b00000, 0x0000000746b00000, 0x0000000746c00000|  0%| F|  |TAMS 0x0000000746b00000, 0x0000000746b00000| Untracked 
|  78|0x0000000746c00000, 0x0000000746c00000, 0x0000000746d00000|  0%| F|  |TAMS 0x0000000746c00000, 0x0000000746c00000| Untracked 
|  79|0x0000000746d00000, 0x0000000746d00000, 0x0000000746e00000|  0%| F|  |TAMS 0x0000000746d00000, 0x0000000746d00000| Untracked 
|  80|0x0000000746e00000, 0x0000000746e00000, 0x0000000746f00000|  0%| F|  |TAMS 0x0000000746e00000, 0x0000000746e00000| Untracked 
|  81|0x0000000746f00000, 0x0000000746f00000, 0x0000000747000000|  0%| F|  |TAMS 0x0000000746f00000, 0x0000000746f00000| Untracked 
|  82|0x0000000747000000, 0x0000000747000000, 0x0000000747100000|  0%| F|  |TAMS 0x0000000747000000, 0x0000000747000000| Untracked 
|  83|0x0000000747100000, 0x0000000747100000, 0x0000000747200000|  0%| F|  |TAMS 0x0000000747100000, 0x0000000747100000| Untracked 
|  84|0x0000000747200000, 0x0000000747200000, 0x0000000747300000|  0%| F|  |TAMS 0x0000000747200000, 0x0000000747200000| Untracked 
|  85|0x0000000747300000, 0x0000000747300000, 0x0000000747400000|  0%| F|  |TAMS 0x0000000747300000, 0x0000000747300000| Untracked 
|  86|0x0000000747400000, 0x0000000747400000, 0x0000000747500000|  0%| F|  |TAMS 0x0000000747400000, 0x0000000747400000| Untracked 
|  87|0x0000000747500000, 0x0000000747500000, 0x0000000747600000|  0%| F|  |TAMS 0x0000000747500000, 0x0000000747500000| Untracked 
|  88|0x0000000747600000, 0x0000000747600000, 0x0000000747700000|  0%| F|  |TAMS 0x0000000747600000, 0x0000000747600000| Untracked 
|  89|0x0000000747700000, 0x0000000747700000, 0x0000000747800000|  0%| F|  |TAMS 0x0000000747700000, 0x0000000747700000| Untracked 
|  90|0x0000000747800000, 0x0000000747800000, 0x0000000747900000|  0%| F|  |TAMS 0x0000000747800000, 0x0000000747800000| Untracked 
|  91|0x0000000747900000, 0x0000000747900000, 0x0000000747a00000|  0%| F|  |TAMS 0x0000000747900000, 0x0000000747900000| Untracked 
|  92|0x0000000747a00000, 0x0000000747a00000, 0x0000000747b00000|  0%| F|  |TAMS 0x0000000747a00000, 0x0000000747a00000| Untracked 
|  93|0x0000000747b00000, 0x0000000747b00000, 0x0000000747c00000|  0%| F|  |TAMS 0x0000000747b00000, 0x0000000747b00000| Untracked 
|  94|0x0000000747c00000, 0x0000000747c00000, 0x0000000747d00000|  0%| F|  |TAMS 0x0000000747c00000, 0x0000000747c00000| Untracked 
|  95|0x0000000747d00000, 0x0000000747d00000, 0x0000000747e00000|  0%| F|  |TAMS 0x0000000747d00000, 0x0000000747d00000| Untracked 
|  96|0x0000000747e00000, 0x0000000747e00000, 0x0000000747f00000|  0%| F|  |TAMS 0x0000000747e00000, 0x0000000747e00000| Untracked 
|  97|0x0000000747f00000, 0x0000000747f00000, 0x0000000748000000|  0%| F|  |TAMS 0x0000000747f00000, 0x0000000747f00000| Untracked 
|  98|0x0000000748000000, 0x0000000748000000, 0x0000000748100000|  0%| F|  |TAMS 0x0000000748000000, 0x0000000748000000| Untracked 
|  99|0x0000000748100000, 0x0000000748100000, 0x0000000748200000|  0%| F|  |TAMS 0x0000000748100000, 0x0000000748100000| Untracked 
| 100|0x0000000748200000, 0x0000000748200000, 0x0000000748300000|  0%| F|  |TAMS 0x0000000748200000, 0x0000000748200000| Untracked 
| 101|0x0000000748300000, 0x0000000748300000, 0x0000000748400000|  0%| F|  |TAMS 0x0000000748300000, 0x0000000748300000| Untracked 
| 102|0x0000000748400000, 0x0000000748400000, 0x0000000748500000|  0%| F|  |TAMS 0x0000000748400000, 0x0000000748400000| Untracked 
| 103|0x0000000748500000, 0x0000000748500000, 0x0000000748600000|  0%| F|  |TAMS 0x0000000748500000, 0x0000000748500000| Untracked 
| 104|0x0000000748600000, 0x0000000748600000, 0x0000000748700000|  0%| F|  |TAMS 0x0000000748600000, 0x0000000748600000| Untracked 
| 105|0x0000000748700000, 0x0000000748700000, 0x0000000748800000|  0%| F|  |TAMS 0x0000000748700000, 0x0000000748700000| Untracked 
| 106|0x0000000748800000, 0x0000000748800000, 0x0000000748900000|  0%| F|  |TAMS 0x0000000748800000, 0x0000000748800000| Untracked 
| 107|0x0000000748900000, 0x0000000748900000, 0x0000000748a00000|  0%| F|  |TAMS 0x0000000748900000, 0x0000000748900000| Untracked 
| 108|0x0000000748a00000, 0x0000000748a00000, 0x0000000748b00000|  0%| F|  |TAMS 0x0000000748a00000, 0x0000000748a00000| Untracked 
| 109|0x0000000748b00000, 0x0000000748b00000, 0x0000000748c00000|  0%| F|  |TAMS 0x0000000748b00000, 0x0000000748b00000| Untracked 
| 110|0x0000000748c00000, 0x0000000748c00000, 0x0000000748d00000|  0%| F|  |TAMS 0x0000000748c00000, 0x0000000748c00000| Untracked 
| 111|0x0000000748d00000, 0x0000000748d00000, 0x0000000748e00000|  0%| F|  |TAMS 0x0000000748d00000, 0x0000000748d00000| Untracked 
| 112|0x0000000748e00000, 0x0000000748e00000, 0x0000000748f00000|  0%| F|  |TAMS 0x0000000748e00000, 0x0000000748e00000| Untracked 
| 113|0x0000000748f00000, 0x0000000748f00000, 0x0000000749000000|  0%| F|  |TAMS 0x0000000748f00000, 0x0000000748f00000| Untracked 
| 114|0x0000000749000000, 0x0000000749000000, 0x0000000749100000|  0%| F|  |TAMS 0x0000000749000000, 0x0000000749000000| Untracked 
| 115|0x0000000749100000, 0x0000000749100000, 0x0000000749200000|  0%| F|  |TAMS 0x0000000749100000, 0x0000000749100000| Untracked 
| 116|0x0000000749200000, 0x0000000749200000, 0x0000000749300000|  0%| F|  |TAMS 0x0000000749200000, 0x0000000749200000| Untracked 
| 117|0x0000000749300000, 0x0000000749300000, 0x0000000749400000|  0%| F|  |TAMS 0x0000000749300000, 0x0000000749300000| Untracked 
| 118|0x0000000749400000, 0x0000000749400000, 0x0000000749500000|  0%| F|  |TAMS 0x0000000749400000, 0x0000000749400000| Untracked 
| 119|0x0000000749500000, 0x0000000749500000, 0x0000000749600000|  0%| F|  |TAMS 0x0000000749500000, 0x0000000749500000| Untracked 
| 120|0x0000000749600000, 0x0000000749600000, 0x0000000749700000|  0%| F|  |TAMS 0x0000000749600000, 0x0000000749600000| Untracked 
| 121|0x0000000749700000, 0x0000000749700000, 0x0000000749800000|  0%| F|  |TAMS 0x0000000749700000, 0x0000000749700000| Untracked 
| 122|0x0000000749800000, 0x0000000749800000, 0x0000000749900000|  0%| F|  |TAMS 0x0000000749800000, 0x0000000749800000| Untracked 
| 123|0x0000000749900000, 0x0000000749900000, 0x0000000749a00000|  0%| F|  |TAMS 0x0000000749900000, 0x0000000749900000| Untracked 
| 124|0x0000000749a00000, 0x0000000749a00000, 0x0000000749b00000|  0%| F|  |TAMS 0x0000000749a00000, 0x0000000749a00000| Untracked 
| 125|0x0000000749b00000, 0x0000000749b00000, 0x0000000749c00000|  0%| F|  |TAMS 0x0000000749b00000, 0x0000000749b00000| Untracked 
| 126|0x0000000749c00000, 0x0000000749c00000, 0x0000000749d00000|  0%| F|  |TAMS 0x0000000749c00000, 0x0000000749c00000| Untracked 
| 127|0x0000000749d00000, 0x0000000749d00000, 0x0000000749e00000|  0%| F|  |TAMS 0x0000000749d00000, 0x0000000749d00000| Untracked 
| 128|0x0000000749e00000, 0x0000000749e00000, 0x0000000749f00000|  0%| F|  |TAMS 0x0000000749e00000, 0x0000000749e00000| Untracked 
| 129|0x0000000749f00000, 0x0000000749f00000, 0x000000074a000000|  0%| F|  |TAMS 0x0000000749f00000, 0x0000000749f00000| Untracked 
| 130|0x000000074a000000, 0x000000074a000000, 0x000000074a100000|  0%| F|  |TAMS 0x000000074a000000, 0x000000074a000000| Untracked 
| 131|0x000000074a100000, 0x000000074a100000, 0x000000074a200000|  0%| F|  |TAMS 0x000000074a100000, 0x000000074a100000| Untracked 
| 132|0x000000074a200000, 0x000000074a300000, 0x000000074a300000|100%| E|CS|TAMS 0x000000074a200000, 0x000000074a300000| Complete 
| 133|0x000000074a300000, 0x000000074a400000, 0x000000074a400000|100%| E|CS|TAMS 0x000000074a300000, 0x000000074a400000| Complete 
| 134|0x000000074a400000, 0x000000074a500000, 0x000000074a500000|100%| E|CS|TAMS 0x000000074a400000, 0x000000074a500000| Complete 
| 135|0x000000074a500000, 0x000000074a600000, 0x000000074a600000|100%| E|CS|TAMS 0x000000074a500000, 0x000000074a600000| Complete 
| 136|0x000000074a600000, 0x000000074a700000, 0x000000074a700000|100%| E|CS|TAMS 0x000000074a600000, 0x000000074a700000| Complete 
| 137|0x000000074a700000, 0x000000074a800000, 0x000000074a800000|100%| E|CS|TAMS 0x000000074a700000, 0x000000074a800000| Complete 
| 138|0x000000074a800000, 0x000000074a900000, 0x000000074a900000|100%| E|CS|TAMS 0x000000074a800000, 0x000000074a900000| Complete 
| 139|0x000000074a900000, 0x000000074a900000, 0x000000074aa00000|  0%| F|  |TAMS 0x000000074a900000, 0x000000074a900000| Untracked 
| 140|0x000000074aa00000, 0x000000074aa00000, 0x000000074ab00000|  0%| F|  |TAMS 0x000000074aa00000, 0x000000074aa00000| Untracked 
| 141|0x000000074ab00000, 0x000000074ab00000, 0x000000074ac00000|  0%| F|  |TAMS 0x000000074ab00000, 0x000000074ab00000| Untracked 
| 142|0x000000074ac00000, 0x000000074ac00000, 0x000000074ad00000|  0%| F|  |TAMS 0x000000074ac00000, 0x000000074ac00000| Untracked 
| 143|0x000000074ad00000, 0x000000074ad00000, 0x000000074ae00000|  0%| F|  |TAMS 0x000000074ad00000, 0x000000074ad00000| Untracked 
| 144|0x000000074ae00000, 0x000000074ae00000, 0x000000074af00000|  0%| F|  |TAMS 0x000000074ae00000, 0x000000074ae00000| Untracked 
| 145|0x000000074af00000, 0x000000074af00000, 0x000000074b000000|  0%| F|  |TAMS 0x000000074af00000, 0x000000074af00000| Untracked 
| 146|0x000000074b000000, 0x000000074b000000, 0x000000074b100000|  0%| F|  |TAMS 0x000000074b000000, 0x000000074b000000| Untracked 
| 147|0x000000074b100000, 0x000000074b100000, 0x000000074b200000|  0%| F|  |TAMS 0x000000074b100000, 0x000000074b100000| Untracked 
| 148|0x000000074b200000, 0x000000074b200000, 0x000000074b300000|  0%| F|  |TAMS 0x000000074b200000, 0x000000074b200000| Untracked 
| 149|0x000000074b300000, 0x000000074b300000, 0x000000074b400000|  0%| F|  |TAMS 0x000000074b300000, 0x000000074b300000| Untracked 
| 150|0x000000074b400000, 0x000000074b400000, 0x000000074b500000|  0%| F|  |TAMS 0x000000074b400000, 0x000000074b400000| Untracked 
| 151|0x000000074b500000, 0x000000074b500000, 0x000000074b600000|  0%| F|  |TAMS 0x000000074b500000, 0x000000074b500000| Untracked 
| 152|0x000000074b600000, 0x000000074b600000, 0x000000074b700000|  0%| F|  |TAMS 0x000000074b600000, 0x000000074b600000| Untracked 
| 153|0x000000074b700000, 0x000000074b700000, 0x000000074b800000|  0%| F|  |TAMS 0x000000074b700000, 0x000000074b700000| Untracked 
| 154|0x000000074b800000, 0x000000074b800000, 0x000000074b900000|  0%| F|  |TAMS 0x000000074b800000, 0x000000074b800000| Untracked 
| 155|0x000000074b900000, 0x000000074b900000, 0x000000074ba00000|  0%| F|  |TAMS 0x000000074b900000, 0x000000074b900000| Untracked 
| 156|0x000000074ba00000, 0x000000074ba00000, 0x000000074bb00000|  0%| F|  |TAMS 0x000000074ba00000, 0x000000074ba00000| Untracked 
| 157|0x000000074bb00000, 0x000000074bb00000, 0x000000074bc00000|  0%| F|  |TAMS 0x000000074bb00000, 0x000000074bb00000| Untracked 
| 158|0x000000074bc00000, 0x000000074bc00000, 0x000000074bd00000|  0%| F|  |TAMS 0x000000074bc00000, 0x000000074bc00000| Untracked 
| 159|0x000000074bd00000, 0x000000074bd00000, 0x000000074be00000|  0%| F|  |TAMS 0x000000074bd00000, 0x000000074bd00000| Untracked 
| 160|0x000000074be00000, 0x000000074be00000, 0x000000074bf00000|  0%| F|  |TAMS 0x000000074be00000, 0x000000074be00000| Untracked 
| 161|0x000000074bf00000, 0x000000074bf00000, 0x000000074c000000|  0%| F|  |TAMS 0x000000074bf00000, 0x000000074bf00000| Untracked 
| 162|0x000000074c000000, 0x000000074c000000, 0x000000074c100000|  0%| F|  |TAMS 0x000000074c000000, 0x000000074c000000| Untracked 
| 163|0x000000074c100000, 0x000000074c100000, 0x000000074c200000|  0%| F|  |TAMS 0x000000074c100000, 0x000000074c100000| Untracked 
| 164|0x000000074c200000, 0x000000074c200000, 0x000000074c300000|  0%| F|  |TAMS 0x000000074c200000, 0x000000074c200000| Untracked 
| 165|0x000000074c300000, 0x000000074c300000, 0x000000074c400000|  0%| F|  |TAMS 0x000000074c300000, 0x000000074c300000| Untracked 
| 166|0x000000074c400000, 0x000000074c400000, 0x000000074c500000|  0%| F|  |TAMS 0x000000074c400000, 0x000000074c400000| Untracked 
| 167|0x000000074c500000, 0x000000074c500000, 0x000000074c600000|  0%| F|  |TAMS 0x000000074c500000, 0x000000074c500000| Untracked 
| 168|0x000000074c600000, 0x000000074c600000, 0x000000074c700000|  0%| F|  |TAMS 0x000000074c600000, 0x000000074c600000| Untracked 
| 169|0x000000074c700000, 0x000000074c700000, 0x000000074c800000|  0%| F|  |TAMS 0x000000074c700000, 0x000000074c700000| Untracked 
| 170|0x000000074c800000, 0x000000074c800000, 0x000000074c900000|  0%| F|  |TAMS 0x000000074c800000, 0x000000074c800000| Untracked 
| 171|0x000000074c900000, 0x000000074c900000, 0x000000074ca00000|  0%| F|  |TAMS 0x000000074c900000, 0x000000074c900000| Untracked 
| 172|0x000000074ca00000, 0x000000074ca00000, 0x000000074cb00000|  0%| F|  |TAMS 0x000000074ca00000, 0x000000074ca00000| Untracked 
| 173|0x000000074cb00000, 0x000000074cb00000, 0x000000074cc00000|  0%| F|  |TAMS 0x000000074cb00000, 0x000000074cb00000| Untracked 
| 174|0x000000074cc00000, 0x000000074cc4c3f0, 0x000000074cd00000| 29%| S|  |TAMS 0x000000074cc00000, 0x000000074cc00000| Complete 
| 175|0x000000074cd00000, 0x000000074ce00000, 0x000000074ce00000|100%| S|  |TAMS 0x000000074cd00000, 0x000000074cd00000| Complete 
| 176|0x000000074ce00000, 0x000000074cf00000, 0x000000074cf00000|100%| S|  |TAMS 0x000000074ce00000, 0x000000074ce00000| Complete 
| 177|0x000000074cf00000, 0x000000074cf818c0, 0x000000074d000000| 50%| E|CS|TAMS 0x000000074cf00000, 0x000000074cf818c0| Complete 
| 178|0x000000074d000000, 0x000000074d100000, 0x000000074d100000|100%| E|CS|TAMS 0x000000074d000000, 0x000000074d100000| Complete 
| 179|0x000000074d100000, 0x000000074d200000, 0x000000074d200000|100%| E|CS|TAMS 0x000000074d100000, 0x000000074d200000| Complete 
| 180|0x000000074d200000, 0x000000074d300000, 0x000000074d300000|100%| E|CS|TAMS 0x000000074d200000, 0x000000074d300000| Complete 
| 181|0x000000074d300000, 0x000000074d400000, 0x000000074d400000|100%| E|CS|TAMS 0x000000074d300000, 0x000000074d400000| Complete 
| 182|0x000000074d400000, 0x000000074d500000, 0x000000074d500000|100%| E|CS|TAMS 0x000000074d400000, 0x000000074d500000| Complete 
| 183|0x000000074d500000, 0x000000074d600000, 0x000000074d600000|100%| E|CS|TAMS 0x000000074d500000, 0x000000074d600000| Complete 
| 184|0x000000074d600000, 0x000000074d700000, 0x000000074d700000|100%| E|CS|TAMS 0x000000074d600000, 0x000000074d700000| Complete 
| 185|0x000000074d700000, 0x000000074d800000, 0x000000074d800000|100%| E|CS|TAMS 0x000000074d700000, 0x000000074d800000| Complete 
| 186|0x000000074d800000, 0x000000074d900000, 0x000000074d900000|100%| E|CS|TAMS 0x000000074d800000, 0x000000074d900000| Complete 
| 187|0x000000074d900000, 0x000000074da00000, 0x000000074da00000|100%| E|CS|TAMS 0x000000074d900000, 0x000000074da00000| Complete 
| 188|0x000000074da00000, 0x000000074db00000, 0x000000074db00000|100%| E|CS|TAMS 0x000000074da00000, 0x000000074db00000| Complete 
| 189|0x000000074db00000, 0x000000074dc00000, 0x000000074dc00000|100%| E|CS|TAMS 0x000000074db00000, 0x000000074dc00000| Complete 
| 190|0x000000074dc00000, 0x000000074dd00000, 0x000000074dd00000|100%| E|CS|TAMS 0x000000074dc00000, 0x000000074dd00000| Complete 
| 191|0x000000074dd00000, 0x000000074de00000, 0x000000074de00000|100%| E|CS|TAMS 0x000000074dd00000, 0x000000074de00000| Complete 

Card table byte_map: [0x0000023a2dcb0000,0x0000023a2e2b0000] _byte_map_base: 0x0000023a2a2a1000

Marking Bits (Prev, Next): (CMBitMap*) 0x0000023a18990780, (CMBitMap*) 0x0000023a18990748
 Prev Bits: [0x0000023a31840000, 0x0000023a347c8000)
 Next Bits: [0x0000023a2e8b0000, 0x0000023a31838000)

Polling page: 0x0000023a18a20000

Metaspace:

Usage:
  Non-class:     30.52 MB capacity,    30.28 MB (>99%) used,   191.59 KB ( <1%) free+waste,    52.63 KB ( <1%) overhead. 
      Class:      4.44 MB capacity,     4.26 MB ( 96%) used,   158.60 KB (  3%) free+waste,    24.88 KB ( <1%) overhead. 
       Both:     34.96 MB capacity,    34.54 MB ( 99%) used,   350.19 KB ( <1%) free+waste,    77.50 KB ( <1%) overhead. 

Virtual space:
  Non-class space:       32.00 MB reserved,      30.58 MB ( 96%) committed 
      Class space:        1.00 GB reserved,       4.50 MB ( <1%) committed 
             Both:        1.03 GB reserved,      35.08 MB (  3%) committed 

Chunk freelists:
   Non-Class:  27.00 KB
       Class:  0 bytes
        Both:  27.00 KB

MaxMetaspaceSize: 17179869184.00 GB
CompressedClassSpaceSize: 1.00 GB
Initial GC threshold: 20.80 MB
Current GC threshold: 35.08 MB
CDS: off

CodeHeap 'non-profiled nmethods': size=120000Kb used=960Kb max_used=960Kb free=119039Kb
 bounds [0x0000023a25700000, 0x0000023a25970000, 0x0000023a2cc30000]
CodeHeap 'profiled nmethods': size=120000Kb used=4312Kb max_used=4312Kb free=115688Kb
 bounds [0x0000023a1e1d0000, 0x0000023a1e610000, 0x0000023a25700000]
CodeHeap 'non-nmethods': size=5760Kb used=1237Kb max_used=1300Kb free=4522Kb
 bounds [0x0000023a1dc30000, 0x0000023a1dea0000, 0x0000023a1e1d0000]
 total_blobs=2844 nmethods=2327 adapters=429
 compilation: enabled
              stopped_count=0, restarted_count=0
 full_count=0

Compilation events (20 events):
Event: 30.326 Thread 0x0000023a37b84800 nmethod 2341 0x0000023a1e600610 code [0x0000023a1e600860, 0x0000023a1e600ec8]
Event: 30.326 Thread 0x0000023a37b84800 2347       3       jdk.internal.reflect.ConstantPool::getIntAt (10 bytes)
Event: 30.328 Thread 0x0000023a37b84800 nmethod 2347 0x0000023a1e601190 code [0x0000023a1e601340, 0x0000023a1e601468]
Event: 30.328 Thread 0x0000023a37b84800 2349       3       kotlin.sequences.GeneratorSequence$iterator$1::next (54 bytes)
Event: 30.330 Thread 0x0000023a37b84800 nmethod 2349 0x0000023a1e601510 code [0x0000023a1e601700, 0x0000023a1e601aa8]
Event: 30.331 Thread 0x0000023a37b84800 2346       3       java.lang.Class::getInterfaces (6 bytes)
Event: 30.331 Thread 0x0000023a37b84800 nmethod 2346 0x0000023a1e601c10 code [0x0000023a1e601dc0, 0x0000023a1e601ee8]
Event: 30.331 Thread 0x0000023a37b84800 2345       3       kotlin.text.StringsKt__StringsJVMKt::endsWith$default (15 bytes)
Event: 30.333 Thread 0x0000023a37b84800 nmethod 2345 0x0000023a1e601f90 code [0x0000023a1e602140, 0x0000023a1e602288]
Event: 30.333 Thread 0x0000023a37b84800 2350       3       java.util.LinkedHashMap$LinkedValues::size (8 bytes)
Event: 30.335 Thread 0x0000023a37b84800 nmethod 2350 0x0000023a1e602390 code [0x0000023a1e602540, 0x0000023a1e602658]
Event: 30.335 Thread 0x0000023a37b84800 2330       3       sun.reflect.annotation.AnnotationType::getInstance (65 bytes)
Event: 30.339 Thread 0x0000023a37b84800 nmethod 2330 0x0000023a1e602710 code [0x0000023a1e602920, 0x0000023a1e602f48]
Event: 30.339 Thread 0x0000023a37b84800 2331       3       java.lang.System$2::getAnnotationType (5 bytes)
Event: 30.339 Thread 0x0000023a39499800 nmethod 2342 0x0000023a257efd90 code [0x0000023a257eff60, 0x0000023a257f0170]
Event: 30.340 Thread 0x0000023a39499800 2343       4       java.lang.String::endsWith (15 bytes)
Event: 30.340 Thread 0x0000023a37b84800 nmethod 2331 0x0000023a1e603190 code [0x0000023a1e603340, 0x0000023a1e603458]
Event: 30.340 Thread 0x0000023a37b84800 2338       3       sun.reflect.annotation.AnnotationParser::parseConst (208 bytes)
Event: 30.351 Thread 0x0000023a37b84800 nmethod 2338 0x0000023a1e603510 code [0x0000023a1e603960, 0x0000023a1e605558]
Event: 30.352 Thread 0x0000023a37b84800 2334       1       kotlin.sequences.SequencesKt__SequencesKt$generateSequence$2::invoke (5 bytes)

GC Heap History (7 events):
Event: 25.892 GC heap before
{Heap before GC invocations=0 (full 0):
 garbage-first heap   total 196608K, used 27648K [0x0000000741e00000, 0x0000000800000000)
  region size 1024K, 24 young (24576K), 0 survivors (0K)
 Metaspace       used 12352K, capacity 12472K, committed 12800K, reserved 1060864K
  class space    used 1149K, capacity 1175K, committed 1280K, reserved 1048576K
}
Event: 25.898 GC heap after
{Heap after GC invocations=1 (full 0):
 garbage-first heap   total 196608K, used 5976K [0x0000000741e00000, 0x0000000800000000)
  region size 1024K, 3 young (3072K), 3 survivors (3072K)
 Metaspace       used 12352K, capacity 12472K, committed 12800K, reserved 1060864K
  class space    used 1149K, capacity 1175K, committed 1280K, reserved 1048576K
}
Event: 27.300 GC heap before
{Heap before GC invocations=1 (full 0):
 garbage-first heap   total 196608K, used 41816K [0x0000000741e00000, 0x0000000800000000)
  region size 1024K, 39 young (39936K), 3 survivors (3072K)
 Metaspace       used 20881K, capacity 21087K, committed 21296K, reserved 1069056K
  class space    used 2208K, capacity 2312K, committed 2432K, reserved 1048576K
}
Event: 27.322 GC heap after
{Heap after GC invocations=2 (full 0):
 garbage-first heap   total 196608K, used 9151K [0x0000000741e00000, 0x0000000800000000)
  region size 1024K, 6 young (6144K), 6 survivors (6144K)
 Metaspace       used 20881K, capacity 21087K, committed 21296K, reserved 1069056K
  class space    used 2208K, capacity 2312K, committed 2432K, reserved 1048576K
}
Event: 29.684 GC heap before
{Heap before GC invocations=3 (full 0):
 garbage-first heap   total 196608K, used 62399K [0x0000000741e00000, 0x0000000800000000)
  region size 1024K, 53 young (54272K), 6 survivors (6144K)
 Metaspace       used 32664K, capacity 33108K, committed 33456K, reserved 1079296K
  class space    used 4068K, capacity 4246K, committed 4352K, reserved 1048576K
}
Event: 29.712 GC heap after
{Heap after GC invocations=4 (full 0):
 garbage-first heap   total 196608K, used 20148K [0x0000000741e00000, 0x0000000800000000)
  region size 1024K, 7 young (7168K), 7 survivors (7168K)
 Metaspace       used 32664K, capacity 33108K, committed 33456K, reserved 1079296K
  class space    used 4068K, capacity 4246K, committed 4352K, reserved 1048576K
}
Event: 30.352 GC heap before
{Heap before GC invocations=4 (full 0):
 garbage-first heap   total 196608K, used 34484K [0x0000000741e00000, 0x0000000800000000)
  region size 1024K, 22 young (22528K), 7 survivors (7168K)
 Metaspace       used 35369K, capacity 35797K, committed 35920K, reserved 1081344K
  class space    used 4360K, capacity 4544K, committed 4608K, reserved 1048576K
}

Deoptimization events (20 events):
Event: 30.028 Thread 0x0000023a18941800 Uncommon trap: trap_request=0xffffffde fr.pc=0x0000023a2574171c relative=0x0000000000000f1c
Event: 30.030 Thread 0x0000023a18941800 Uncommon trap: reason=class_check action=maybe_recompile pc=0x0000023a2574171c method=java.util.zip.ZipFile.getZipEntry(Ljava/lang/String;[BILjava/util/function/Function;)Ljava/util/zip/ZipEntry; @ 108 c2
Event: 30.030 Thread 0x0000023a18941800 DEOPT PACKING pc=0x0000023a2574171c sp=0x0000004cc0bfde30
Event: 30.030 Thread 0x0000023a18941800 DEOPT UNPACKING pc=0x0000023a1dc7a1af sp=0x0000004cc0bfdd40 mode 2
Event: 30.030 Thread 0x0000023a18941800 Uncommon trap: trap_request=0xffffffde fr.pc=0x0000023a257d95a4 relative=0x00000000000004a4
Event: 30.031 Thread 0x0000023a18941800 Uncommon trap: reason=class_check action=maybe_recompile pc=0x0000023a257d95a4 method=org.jetbrains.kotlin.protobuf.CodedInputStream.tryRefillBuffer(I)Z @ 177 c2
Event: 30.031 Thread 0x0000023a18941800 DEOPT PACKING pc=0x0000023a257d95a4 sp=0x0000004cc0bfdaf0
Event: 30.031 Thread 0x0000023a18941800 DEOPT UNPACKING pc=0x0000023a1dc7a1af sp=0x0000004cc0bfd9d8 mode 2
Event: 30.031 Thread 0x0000023a18941800 Uncommon trap: trap_request=0xffffffde fr.pc=0x0000023a257d95a4 relative=0x00000000000004a4
Event: 30.031 Thread 0x0000023a18941800 Uncommon trap: reason=class_check action=maybe_recompile pc=0x0000023a257d95a4 method=org.jetbrains.kotlin.protobuf.CodedInputStream.tryRefillBuffer(I)Z @ 177 c2
Event: 30.031 Thread 0x0000023a18941800 DEOPT PACKING pc=0x0000023a257d95a4 sp=0x0000004cc0bfdaf0
Event: 30.031 Thread 0x0000023a18941800 DEOPT UNPACKING pc=0x0000023a1dc7a1af sp=0x0000004cc0bfd9d8 mode 2
Event: 30.033 Thread 0x0000023a18941800 Uncommon trap: trap_request=0xffffffde fr.pc=0x0000023a2574171c relative=0x0000000000000f1c
Event: 30.034 Thread 0x0000023a18941800 Uncommon trap: reason=class_check action=maybe_recompile pc=0x0000023a2574171c method=java.util.zip.ZipFile.getZipEntry(Ljava/lang/String;[BILjava/util/function/Function;)Ljava/util/zip/ZipEntry; @ 108 c2
Event: 30.034 Thread 0x0000023a18941800 DEOPT PACKING pc=0x0000023a2574171c sp=0x0000004cc0bfde30
Event: 30.034 Thread 0x0000023a18941800 DEOPT UNPACKING pc=0x0000023a1dc7a1af sp=0x0000004cc0bfdd40 mode 2
Event: 30.234 Thread 0x0000023a18941800 Uncommon trap: trap_request=0xffffff4d fr.pc=0x0000023a2572d584 relative=0x00000000000006a4
Event: 30.234 Thread 0x0000023a18941800 Uncommon trap: reason=unstable_if action=reinterpret pc=0x0000023a2572d584 method=java.util.concurrent.ConcurrentHashMap.get(Ljava/lang/Object;)Ljava/lang/Object; @ 76 c2
Event: 30.234 Thread 0x0000023a18941800 DEOPT PACKING pc=0x0000023a2572d584 sp=0x0000004cc0bfa0b0
Event: 30.234 Thread 0x0000023a18941800 DEOPT UNPACKING pc=0x0000023a1dc7a1af sp=0x0000004cc0bfa038 mode 2

Classes redefined (0 events):
No events

Internal exceptions (20 events):
Event: 27.248 Thread 0x0000023a18941800 Exception <a 'java/lang/NoSuchMethodError'{0x000000074bad00c8}: 'long java.lang.invoke.DirectMethodHandle$Holder.invokeStaticInit(java.lang.Object)'> (0x000000074bad00c8) thrown at [./src/hotspot/share/interpreter/linkResolver.cpp, line 773]
Event: 27.383 Thread 0x0000023a18941800 Exception <a 'java/lang/NoSuchMethodError'{0x000000074dc46f40}: 'int java.lang.invoke.DirectMethodHandle$Holder.invokeStaticInit(java.lang.Object, java.lang.Object, java.lang.Object)'> (0x000000074dc46f40) thrown at [./src/hotspot/share/interpreter/linkResolver.cpp, line 773]
Event: 27.389 Thread 0x0000023a18941800 Exception <a 'java/lang/NoSuchMethodError'{0x000000074dc72b70}: 'int java.lang.invoke.DirectMethodHandle$Holder.invokeStaticInit(java.lang.Object, java.lang.Object)'> (0x000000074dc72b70) thrown at [./src/hotspot/share/interpreter/linkResolver.cpp, line 773]
Event: 27.478 Thread 0x0000023a18941800 Exception <a 'java/lang/NoSuchMethodError'{0x000000074d902a48}: 'void java.lang.invoke.DirectMethodHandle$Holder.invokeSpecial(java.lang.Object, java.lang.Object)'> (0x000000074d902a48) thrown at [./src/hotspot/share/interpreter/linkResolver.cpp, line 773]
Event: 28.022 Thread 0x0000023a18941800 Exception <a 'java/lang/NoSuchMethodError'{0x000000074d129e28}: 'java.lang.Object java.lang.invoke.DirectMethodHandle$Holder.invokeStatic(java.lang.Object, java.lang.Object, java.lang.Object, java.lang.Object, java.lang.Object, java.lang.Object, java.lang.Object, java.lang.Object, java.lang.Object, java.lang.Object, java.lang.Object, java.lang.Object, java.lang.Object, java.lang.Object, java.lang.Object)'> (0x000000074d129e28) thrown at [./src/hotspot/share/interpreter/linkResolver.cpp, line 773]
Event: 28.029 Thread 0x0000023a18941800 Exception <a 'java/lang/NoSuchMethodError'{0x000000074d137e30}: 'java.lang.Object java.lang.invoke.DirectMethodHandle$Holder.invokeStatic(java.lang.Object, java.lang.Object, java.lang.Object, java.lang.Object, java.lang.Object, java.lang.Object, java.lang.Object, java.lang.Object, java.lang.Object, java.lang.Object, java.lang.Object, java.lang.Object, java.lang.Object, java.lang.Object, java.lang.Object, java.lang.Object)'> (0x000000074d137e30) thrown at [./src/hotspot/share/interpreter/linkResolver.cpp, l
Event: 28.034 Thread 0x0000023a18941800 Exception <a 'java/lang/NoSuchMethodError'{0x000000074d145d48}: 'java.lang.Object java.lang.invoke.DirectMethodHandle$Holder.invokeSpecial(java.lang.Object, java.lang.Object, int, int, java.lang.Object, java.lang.Object, java.lang.Object)'> (0x000000074d145d48) thrown at [./src/hotspot/share/interpreter/linkResolver.cpp, line 773]
Event: 28.036 Thread 0x0000023a18941800 Exception <a 'java/lang/NoSuchMethodError'{0x000000074d149580}: 'java.lang.Object java.lang.invoke.DelegatingMethodHandle$Holder.reinvoke_L(java.lang.Object, int, int, java.lang.Object, java.lang.Object, java.lang.Object)'> (0x000000074d149580) thrown at [./src/hotspot/share/interpreter/linkResolver.cpp, line 773]
Event: 28.039 Thread 0x0000023a18941800 Exception <a 'java/lang/NoSuchMethodError'{0x000000074d14d908}: 'java.lang.Object java.lang.invoke.DirectMethodHandle$Holder.invokeStatic(java.lang.Object, java.lang.Object, java.lang.Object, java.lang.Object, int)'> (0x000000074d14d908) thrown at [./src/hotspot/share/interpreter/linkResolver.cpp, line 773]
Event: 28.259 Thread 0x0000023a18941800 Exception <a 'sun/nio/fs/WindowsException'{0x000000074d08d7c0}> (0x000000074d08d7c0) thrown at [./src/hotspot/share/prims/jni.cpp, line 616]
Event: 28.260 Thread 0x0000023a18941800 Exception <a 'sun/nio/fs/WindowsException'{0x000000074d08e060}> (0x000000074d08e060) thrown at [./src/hotspot/share/prims/jni.cpp, line 616]
Event: 28.260 Thread 0x0000023a18941800 Exception <a 'sun/nio/fs/WindowsException'{0x000000074d08e910}> (0x000000074d08e910) thrown at [./src/hotspot/share/prims/jni.cpp, line 616]
Event: 28.261 Thread 0x0000023a18941800 Exception <a 'sun/nio/fs/WindowsException'{0x000000074d08f330}> (0x000000074d08f330) thrown at [./src/hotspot/share/prims/jni.cpp, line 616]
Event: 28.261 Thread 0x0000023a18941800 Exception <a 'sun/nio/fs/WindowsException'{0x000000074d08fc50}> (0x000000074d08fc50) thrown at [./src/hotspot/share/prims/jni.cpp, line 616]
Event: 28.261 Thread 0x0000023a18941800 Exception <a 'sun/nio/fs/WindowsException'{0x000000074d0905c0}> (0x000000074d0905c0) thrown at [./src/hotspot/share/prims/jni.cpp, line 616]
Event: 28.268 Thread 0x0000023a18941800 Exception <a 'java/lang/NoSuchMethodError'{0x000000074d097018}: 'void java.lang.invoke.DirectMethodHandle$Holder.invokeStatic(java.lang.Object, java.lang.Object, java.lang.Object, java.lang.Object)'> (0x000000074d097018) thrown at [./src/hotspot/share/interpreter/linkResolver.cpp, line 773]
Event: 28.420 Thread 0x0000023a18941800 Exception <a 'java/lang/NoSuchMethodError'{0x000000074cc7dbf0}: 'void java.lang.invoke.DirectMethodHandle$Holder.invokeStaticInit(java.lang.Object, java.lang.Object)'> (0x000000074cc7dbf0) thrown at [./src/hotspot/share/interpreter/linkResolver.cpp, line 773]
Event: 28.555 Thread 0x0000023a18941800 Exception <a 'java/lang/NoSuchMethodError'{0x000000074c8a3d18}: 'void java.lang.invoke.DirectMethodHandle$Holder.invokeVirtual(java.lang.Object, java.lang.Object)'> (0x000000074c8a3d18) thrown at [./src/hotspot/share/interpreter/linkResolver.cpp, line 773]
Event: 28.571 Thread 0x0000023a18941800 Exception <a 'java/lang/NoSuchMethodError'{0x000000074c716530}: 'int java.lang.invoke.DirectMethodHandle$Holder.invokeVirtual(java.lang.Object, java.lang.Object)'> (0x000000074c716530) thrown at [./src/hotspot/share/interpreter/linkResolver.cpp, line 773]
Event: 29.972 Thread 0x0000023a18941800 Exception <a 'java/lang/NoSuchMethodError'{0x000000074d7ce8d0}: 'java.lang.Object java.lang.invoke.DirectMethodHandle$Holder.invokeVirtual(java.lang.Object, java.lang.Object, java.lang.Object)'> (0x000000074d7ce8d0) thrown at [./src/hotspot/share/interpreter/linkResolver.cpp, line 773]

Events (20 events):
Event: 30.317 loading class org/jetbrains/kotlin/resolve/calls/context/ResolutionContext done
Event: 30.328 loading class sun/reflect/generics/reflectiveObjects/ParameterizedTypeImpl
Event: 30.328 loading class sun/reflect/generics/reflectiveObjects/ParameterizedTypeImpl done
Event: 30.332 loading class org/jetbrains/kotlin/types/WrappedTypeFactory
Event: 30.332 loading class org/jetbrains/kotlin/types/WrappedTypeFactory done
Event: 30.334 loading class org/jetbrains/kotlin/container/ComponentDescriptor$DefaultImpls
Event: 30.334 loading class org/jetbrains/kotlin/container/ComponentDescriptor$DefaultImpls done
Event: 30.336 loading class org/jetbrains/kotlin/frontend/java/di/InjectionKt$createContainerForLazyResolveWithJava$1
Event: 30.336 loading class org/jetbrains/kotlin/frontend/java/di/InjectionKt$createContainerForLazyResolveWithJava$1 done
Event: 30.339 loading class org/jetbrains/kotlin/frontend/di/InjectionKt
Event: 30.339 loading class org/jetbrains/kotlin/frontend/di/InjectionKt done
Event: 30.342 loading class org/jetbrains/kotlin/resolve/jvm/checkers/WarningAwareUpperBoundChecker
Event: 30.342 loading class org/jetbrains/kotlin/resolve/jvm/checkers/WarningAwareUpperBoundChecker done
Event: 30.342 loading class org/jetbrains/kotlin/resolve/UpperBoundChecker
Event: 30.342 loading class org/jetbrains/kotlin/resolve/UpperBoundChecker done
Event: 30.343 loading class org/jetbrains/kotlin/container/SingletonTypeComponentDescriptor
Event: 30.343 loading class org/jetbrains/kotlin/container/SingletonTypeComponentDescriptor done
Event: 30.347 loading class org/jetbrains/kotlin/container/SingletonDescriptor
Event: 30.347 loading class org/jetbrains/kotlin/container/SingletonDescriptor done
Event: 30.352 Executing VM operation: CollectForMetadataAllocation


Dynamic libraries:
0x00007ff6e0fa0000 - 0x00007ff6e0faa000 	C:\Program Files\Android\Android Studio\jre\bin\java.exe
0x00007ffbbe600000 - 0x00007ffbbe809000 	C:\Windows\SYSTEM32\ntdll.dll
0x00007ffbbcb70000 - 0x00007ffbbcc2e000 	C:\Windows\System32\KERNEL32.DLL
0x00007ffbbbef0000 - 0x00007ffbbc26b000 	C:\Windows\System32\KERNELBASE.dll
0x00007ffbbbdd0000 - 0x00007ffbbbee1000 	C:\Windows\System32\ucrtbase.dll
0x00007ffb9b660000 - 0x00007ffb9b677000 	C:\Program Files\Android\Android Studio\jre\bin\VCRUNTIME140.dll
0x00007ffb9ce70000 - 0x00007ffb9ce89000 	C:\Program Files\Android\Android Studio\jre\bin\jli.dll
0x00007ffbbc4e0000 - 0x00007ffbbc68d000 	C:\Windows\System32\USER32.dll
0x00007ffbbc450000 - 0x00007ffbbc476000 	C:\Windows\System32\win32u.dll
0x00007ffbaa7e0000 - 0x00007ffbaaa85000 	C:\Windows\WinSxS\amd64_microsoft.windows.common-controls_6595b64144ccf1df_6.0.22000.120_none_9d947278b86cc467\COMCTL32.dll
0x00007ffbbd340000 - 0x00007ffbbd369000 	C:\Windows\System32\GDI32.dll
0x00007ffbbd400000 - 0x00007ffbbd4a3000 	C:\Windows\System32\msvcrt.dll
0x00007ffbbbad0000 - 0x00007ffbbbbe8000 	C:\Windows\System32\gdi32full.dll
0x00007ffbbbd30000 - 0x00007ffbbbdcd000 	C:\Windows\System32\msvcp_win.dll
0x00007ffbbd290000 - 0x00007ffbbd2c2000 	C:\Windows\System32\IMM32.DLL
0x00007ffb448c0000 - 0x00007ffb4495d000 	C:\Program Files\Android\Android Studio\jre\bin\msvcp140.dll
0x00007ffb45e20000 - 0x00007ffb46922000 	C:\Program Files\Android\Android Studio\jre\bin\server\jvm.dll
0x00007ffbbd4b0000 - 0x00007ffbbd55e000 	C:\Windows\System32\ADVAPI32.dll
0x00007ffbbd830000 - 0x00007ffbbd8ce000 	C:\Windows\System32\sechost.dll
0x00007ffbbd710000 - 0x00007ffbbd830000 	C:\Windows\System32\RPCRT4.dll
0x00007ffbbd110000 - 0x00007ffbbd118000 	C:\Windows\System32\PSAPI.DLL
0x00007ffbb74c0000 - 0x00007ffbb74f3000 	C:\Windows\SYSTEM32\WINMM.dll
0x00007ffbb6fe0000 - 0x00007ffbb6fe9000 	C:\Windows\SYSTEM32\WSOCK32.dll
0x00007ffbabfb0000 - 0x00007ffbabfba000 	C:\Windows\SYSTEM32\VERSION.dll
0x00007ffbbcc30000 - 0x00007ffbbcc9f000 	C:\Windows\System32\WS2_32.dll
0x00007ffbbac40000 - 0x00007ffbbac58000 	C:\Windows\SYSTEM32\kernel.appcore.dll
0x00007ffbad5f0000 - 0x00007ffbad601000 	C:\Program Files\Android\Android Studio\jre\bin\verify.dll
0x00007ffbab2d0000 - 0x00007ffbab4f1000 	C:\Windows\SYSTEM32\DBGHELP.DLL
0x00007ffbab290000 - 0x00007ffbab2c1000 	C:\Windows\SYSTEM32\dbgcore.DLL
0x00007ffbbbbf0000 - 0x00007ffbbbc6f000 	C:\Windows\System32\bcryptPrimitives.dll
0x00007ffbab9f0000 - 0x00007ffbaba19000 	C:\Program Files\Android\Android Studio\jre\bin\java.dll
0x00007ffbb6350000 - 0x00007ffbb635b000 	C:\Program Files\Android\Android Studio\jre\bin\jimage.dll
0x00007ffba8820000 - 0x00007ffba8838000 	C:\Program Files\Android\Android Studio\jre\bin\zip.dll
0x00007ffbbdda0000 - 0x00007ffbbe558000 	C:\Windows\System32\SHELL32.dll
0x00007ffbb9bd0000 - 0x00007ffbba435000 	C:\Windows\SYSTEM32\windows.storage.dll
0x00007ffbbc7c0000 - 0x00007ffbbcb38000 	C:\Windows\System32\combase.dll
0x00007ffbb9a60000 - 0x00007ffbb9bc6000 	C:\Windows\SYSTEM32\wintypes.dll
0x00007ffbbd120000 - 0x00007ffbbd20a000 	C:\Windows\System32\SHCORE.dll
0x00007ffbbd2e0000 - 0x00007ffbbd33d000 	C:\Windows\System32\shlwapi.dll
0x00007ffbbba00000 - 0x00007ffbbba21000 	C:\Windows\SYSTEM32\profapi.dll
0x00007ffba84b0000 - 0x00007ffba84ca000 	C:\Program Files\Android\Android Studio\jre\bin\net.dll
0x00007ffbb69a0000 - 0x00007ffbb6ab4000 	C:\Windows\SYSTEM32\WINHTTP.dll
0x00007ffbbb0e0000 - 0x00007ffbbb147000 	C:\Windows\system32\mswsock.dll
0x00007ffba6dd0000 - 0x00007ffba6de4000 	C:\Program Files\Android\Android Studio\jre\bin\nio.dll

dbghelp: loaded successfully - version: 4.0.5 - missing functions: none
symbol engine: initialized successfully - sym options: 0x614 - pdb path: .;C:\Program Files\Android\Android Studio\jre\bin;C:\Windows\SYSTEM32;C:\Windows\WinSxS\amd64_microsoft.windows.common-controls_6595b64144ccf1df_6.0.22000.120_none_9d947278b86cc467;C:\Program Files\Android\Android Studio\jre\bin\server

VM Arguments:
java_command: org.jetbrains.kotlin.cli.jvm.K2JVMCompiler @C:\Users\Chanet Lanka\Desktop\e18-3yp-Smart-Planting-System\smart_planting_app\build\app\20221209_17548026511488217793.compiler.options
java_class_path (initial): C:\Users\Chanet Lanka\.gradle\caches\modules-2\files-2.1\org.jetbrains.kotlin\kotlin-compiler-embeddable\1.6.10\88f2073f4020cdb83132cfe940ceb9a60aba54ea\kotlin-compiler-embeddable-1.6.10.jar;C:\Users\Chanet Lanka\.gradle\caches\modules-2\files-2.1\org.jetbrains.kotlin\kotlin-reflect\1.6.10\1cbe9c92c12a94eea200d23c2bbaedaf3daf5132\kotlin-reflect-1.6.10.jar;C:\Users\Chanet Lanka\.gradle\caches\modules-2\files-2.1\org.jetbrains.kotlin\kotlin-stdlib\1.6.10\b8af3fe6f1ca88526914929add63cf5e7c5049af\kotlin-stdlib-1.6.10.jar;C:\Users\Chanet Lanka\.gradle\caches\modules-2\files-2.1\org.jetbrains.kotlin\kotlin-script-runtime\1.6.10\d0a7ff2e2500ef497ed0214ae40ad3c8387a6164\kotlin-script-runtime-1.6.10.jar;C:\Users\Chanet Lanka\.gradle\caches\modules-2\files-2.1\org.jetbrains.kotlin\kotlin-daemon-embeddable\1.6.10\a56d79bcbea411fa6058e4ecffc2de73e742bd2a\kotlin-daemon-embeddable-1.6.10.jar;C:\Users\Chanet Lanka\.gradle\caches\modules-2\files-2.1\org.jetbrains.intellij.deps\trove4j\1.0.20181211\216c2e14b070f334479d800987affe4054cd563f\trove4j-1.0.20181211.jar;C:\Users\Chanet Lanka\.gradle\caches\modules-2\files-2.1\net.java.dev.jna\jna\5.6.0\330f2244e9030119ab3030fc3fededc86713d9cc\jna-5.6.0.jar;C:\Users\Chanet Lanka\.gradle\caches\modules-2\files-2.1\org.jetbrains\annotations\13.0\919f0dfe192fb4e063e7dacadee7f8bb9a2672a9\annotations-13.0.jar;C:\Users\Chanet Lanka\.gradle\caches\modules-2\files-2.1\org.jetbrains.kotlin\kotlin-stdlib-common\1.6.10\c118700e3a33c8a0d9adc920e9dec0831171925\kotlin-stdlib-common-1.6.10.jar
Launcher Type: SUN_STANDARD

[Global flags]
     intx CICompilerCount                          = 4                                         {product} {ergonomic}
     uint ConcGCThreads                            = 2                                         {product} {ergonomic}
     uint G1ConcRefinementThreads                  = 8                                         {product} {ergonomic}
   size_t G1HeapRegionSize                         = 1048576                                   {product} {ergonomic}
    uintx GCDrainStackTargetSize                   = 64                                        {product} {ergonomic}
   size_t InitialHeapSize                          = 201326592                                 {product} {ergonomic}
   size_t MarkStackSize                            = 4194304                                   {product} {ergonomic}
   size_t MaxHeapSize                              = 3189768192                                {product} {ergonomic}
   size_t MaxNewSize                               = 1913651200                                {product} {ergonomic}
   size_t MinHeapDeltaBytes                        = 1048576                                   {product} {ergonomic}
    uintx NonNMethodCodeHeapSize                   = 5836300                                {pd product} {ergonomic}
    uintx NonProfiledCodeHeapSize                  = 122910970                              {pd product} {ergonomic}
    uintx ProfiledCodeHeapSize                     = 122910970                              {pd product} {ergonomic}
    uintx ReservedCodeCacheSize                    = 251658240                              {pd product} {ergonomic}
     bool SegmentedCodeCache                       = true                                      {product} {ergonomic}
     bool UseCompressedClassPointers               = true                                 {lp64_product} {ergonomic}
     bool UseCompressedOops                        = true                                 {lp64_product} {ergonomic}
     bool UseG1GC                                  = true                                      {product} {ergonomic}
     bool UseLargePagesIndividualAllocation        = false                                  {pd product} {ergonomic}

Logging:
Log output configuration:
 #0: stdout all=warning uptime,level,tags
 #1: stderr all=off uptime,level,tags

Environment Variables:
JAVA_HOME=C:\Program Files\Android\Android Studio\jre
CLASSPATH=C:\Users\Chanet Lanka\Desktop\e18-3yp-Smart-Planting-System\smart_planting_app\android\\gradle\wrapper\gradle-wrapper.jar
PATH=C:\Users\Chanet Lanka\AppData\Local\Programs\Microsoft VS Code\bin;C:\Program Files\Java\jdk-17.0.1\bin;C:\Program Files\Common Files\Oracle\Java\javapath;C:\WinAVR-20100110\bin;C:\WinAVR-20100110\utils\bin;C:\Windows\system32;C:\Windows;C:\Windows\System32\Wbem;C:\Windows\System32\WindowsPowerShell\v1.0\;C:\Windows\System32\OpenSSH\;C:\Program Files (x86)\NVIDIA Corporation\PhysX\Common;C:\Program Files (x86)\Bitvise SSH Client;C:\msys64\mingw64\bin;C:\Program Files\Git\cmd;C:\Program Files\Altium\AD22;C;C:\Users\Chanet Lanka\AppData\Local\Android\Sdk\platforms;C:\Users\Chanet Lanka\AppData\Local\Android\Sdk\platform-tools;C:\Users\Chanet Lanka\AppData\Local\Android\Sdk;C:\Users\Chanet Lanka\AppData\Local\Android\Sdk;C:\flutter\packages\flutter_tools\bin;C:\Program Files\Android\Android Studio\bin;C:\flutter\bin;C:\Users\Chanet Lanka\AppData\Local\Programs\Python\Python310\;C:\Users\Chanet Lanka\AppData\Local\Programs\Python\Python310\Scripts\;C:\Users\Chanet Lanka\AppData\Local\Microsoft\WindowsApps;C:\Users\Chanet Lanka\AppData\Local\GitHubDesktop\bin;;C:\flutter\bin\mingit\cmd
USERNAME=Chanet Lanka
OS=Windows_NT
PROCESSOR_IDENTIFIER=Intel64 Family 6 Model 142 Stepping 10, GenuineIntel



---------------  S Y S T E M  ---------------

OS: Windows 11 , 64 bit Build 22000 (10.0.22000.1219)
OS uptime: 0 days 12:03 hours
Hyper-V role detected

CPU:total 8 (initial active 8) (4 cores per cpu, 2 threads per core) family 6 model 142 stepping 10 microcode 0xe0, cmov, cx8, fxsr, mmx, sse, sse2, sse3, ssse3, sse4.1, sse4.2, popcnt, avx, avx2, aes, clmul, erms, 3dnowpref, lzcnt, ht, tsc, tscinvbit, bmi1, bmi2, adx, fma

Memory: 4k page, system-wide physical 12165M (3125M free)
TotalPageFile size 24453M (AvailPageFile size 14308M)
current process WorkingSet (physical memory assigned to process): 208M, peak: 208M
current process commit charge ("private bytes"): 359M, peak: 365M

vm_info: OpenJDK 64-Bit Server VM (11.0.13+0-b1751.21-8125866) for windows-amd64 JRE (11.0.13+0-b1751.21-8125866), built on Feb  2 2022 03:00:22 by "builder" with MS VC++ 14.0 (VS2015)

END.
